<?xml version="1.0" encoding="UTF-8"?>
<!-- Generated by org.testng.reporters.JUnitReportReporter -->
<testsuite hostname="Sergey-MacBook-Pro.local" name="ru.st.selenium.RemoveAndLogout" tests="1" failures="0" timestamp="12 Jul 2015 01:57:18 GMT" time="2.409" errors="0">
  <testcase name="testRemoveAndLogout" time="2.409" classname="ru.st.selenium.RemoveAndLogout"/>
</testsuite> <!-- ru.st.selenium.RemoveAndLogout -->
