<?xml version="1.0" encoding="UTF-8"?>
<!-- Generated by org.testng.reporters.JUnitReportReporter -->
<testsuite hostname="Sergey-MacBook-Pro.local" name="ru.st.selenium.AddMovie" tests="1" failures="0" timestamp="12 Jul 2015 03:10:07 GMT" time="1.133" errors="0">
  <testcase name="testAddMovie" time="1.133" classname="ru.st.selenium.AddMovie"/>
</testsuite> <!-- ru.st.selenium.AddMovie -->
